[p.w3layouts.com/demos_new/30-01-2017/electronic_store-demo_Free/192355906/web/index.html]
[backblue.gif]
[fade.gif]
[index.html]
[p.w3layouts.com/demos_new/30-01-2017/electronic_store-demo_Free/192355906/web/css/bootstrap.css]
[p.w3layouts.com/demos_new/30-01-2017/electronic_store-demo_Free/192355906/web/css/style.css]
[p.w3layouts.com/demos_new/30-01-2017/electronic_store-demo_Free/192355906/web/css/fasthover.css]
[p.w3layouts.com/demos_new/30-01-2017/electronic_store-demo_Free/192355906/web/css/popuo-box.css]
[p.w3layouts.com/demos_new/30-01-2017/electronic_store-demo_Free/192355906/web/css/font-awesome.css]
[p.w3layouts.com/demos_new/30-01-2017/electronic_store-demo_Free/192355906/web/js/jquery.min.js]
[p.w3layouts.com/demos_new/30-01-2017/electronic_store-demo_Free/192355906/web/css/jquery.countdown.css]
[m.servedby-buysellads.com/monetization.js]
[p.w3layouts.com/assests/css/font-awesome.min.css]
[p.w3layouts.com/demos_new/30-01-2017/electronic_store-demo_Free/192355906/web/js/bootstrap-3.1.1.min.js]
[p.w3layouts.com/demos_new/30-01-2017/electronic_store-demo_Free/192355906/web/js/easyResponsiveTabs.js]
[p.w3layouts.com/demos_new/30-01-2017/electronic_store-demo_Free/192355906/web/products.html]
[p.w3layouts.com/demos_new/30-01-2017/electronic_store-demo_Free/192355906/web/products1.html]
[p.w3layouts.com/demos_new/30-01-2017/electronic_store-demo_Free/192355906/web/products2.html]
[p.w3layouts.com/demos_new/30-01-2017/electronic_store-demo_Free/192355906/web/images/1.jpg]
[p.w3layouts.com/demos_new/30-01-2017/electronic_store-demo_Free/192355906/web/about.html]
[p.w3layouts.com/demos_new/30-01-2017/electronic_store-demo_Free/192355906/web/icons.html]
[p.w3layouts.com/demos_new/30-01-2017/electronic_store-demo_Free/192355906/web/codes.html]
[p.w3layouts.com/demos_new/30-01-2017/electronic_store-demo_Free/192355906/web/mail.html]
[p.w3layouts.com/demos_new/30-01-2017/electronic_store-demo_Free/192355906/web/js/jquery.magnific-popup.js]
[p.w3layouts.com/demos_new/30-01-2017/electronic_store-demo_Free/192355906/web/images/3.jpg]
[p.w3layouts.com/demos_new/30-01-2017/electronic_store-demo_Free/192355906/web/images/4.jpg]
[p.w3layouts.com/demos_new/30-01-2017/electronic_store-demo_Free/192355906/web/images/5.jpg]
[p.w3layouts.com/demos_new/30-01-2017/electronic_store-demo_Free/192355906/web/images/6.jpg]
[p.w3layouts.com/demos_new/30-01-2017/electronic_store-demo_Free/192355906/web/images/7.jpg]
[p.w3layouts.com/demos_new/30-01-2017/electronic_store-demo_Free/192355906/web/single.html]
[p.w3layouts.com/demos_new/30-01-2017/electronic_store-demo_Free/192355906/web/images/8.jpg]
[p.w3layouts.com/demos_new/30-01-2017/electronic_store-demo_Free/192355906/web/images/9.jpg]
[p.w3layouts.com/demos_new/30-01-2017/electronic_store-demo_Free/192355906/web/images/10.jpg]
[p.w3layouts.com/demos_new/30-01-2017/electronic_store-demo_Free/192355906/web/images/11.jpg]
[p.w3layouts.com/demos_new/30-01-2017/electronic_store-demo_Free/192355906/web/images/12.jpg]
[p.w3layouts.com/demos_new/30-01-2017/electronic_store-demo_Free/192355906/web/images/13.jpg]
[p.w3layouts.com/demos_new/30-01-2017/electronic_store-demo_Free/192355906/web/images/14.jpg]
[p.w3layouts.com/demos_new/30-01-2017/electronic_store-demo_Free/192355906/web/images/15.jpg]
[p.w3layouts.com/demos_new/30-01-2017/electronic_store-demo_Free/192355906/web/images/16.jpg]
[p.w3layouts.com/demos_new/30-01-2017/electronic_store-demo_Free/192355906/web/images/17.jpg]
[p.w3layouts.com/demos_new/30-01-2017/electronic_store-demo_Free/192355906/web/images/18.jpg]
[p.w3layouts.com/demos_new/30-01-2017/electronic_store-demo_Free/192355906/web/images/19.jpg]
[p.w3layouts.com/demos_new/30-01-2017/electronic_store-demo_Free/192355906/web/images/star-.png]
[p.w3layouts.com/demos_new/30-01-2017/electronic_store-demo_Free/192355906/web/images/star.png]
[p.w3layouts.com/demos_new/30-01-2017/electronic_store-demo_Free/192355906/web/images/36.jpg]
[p.w3layouts.com/demos_new/30-01-2017/electronic_store-demo_Free/192355906/web/images/37.jpg]
[p.w3layouts.com/demos_new/30-01-2017/electronic_store-demo_Free/192355906/web/js/jquery.countdown.js]
[p.w3layouts.com/demos_new/30-01-2017/electronic_store-demo_Free/192355906/web/js/script.js]
[p.w3layouts.com/demos_new/30-01-2017/electronic_store-demo_Free/192355906/web/images/21.jpg]
[p.w3layouts.com/demos_new/30-01-2017/electronic_store-demo_Free/192355906/web/images/t1.png]
[p.w3layouts.com/demos_new/30-01-2017/electronic_store-demo_Free/192355906/web/images/t2.png]
[p.w3layouts.com/demos_new/30-01-2017/electronic_store-demo_Free/192355906/web/images/t3.png]
[p.w3layouts.com/demos_new/30-01-2017/electronic_store-demo_Free/192355906/web/js/jquery.wmuSlider.js]
[p.w3layouts.com/demos_new/30-01-2017/electronic_store-demo_Free/192355906/web/images/20.jpg]
[p.w3layouts.com/demos_new/30-01-2017/electronic_store-demo_Free/192355906/web/images/25.jpg]
[p.w3layouts.com/demos_new/30-01-2017/electronic_store-demo_Free/192355906/web/images/23.jpg]
[p.w3layouts.com/demos_new/30-01-2017/electronic_store-demo_Free/192355906/web/images/24.jpg]
[p.w3layouts.com/demos_new/30-01-2017/electronic_store-demo_Free/192355906/web/images/22.jpg]
[p.w3layouts.com/demos_new/30-01-2017/electronic_store-demo_Free/192355906/web/images/26.jpg]
[p.w3layouts.com/demos_new/30-01-2017/electronic_store-demo_Free/192355906/web/images/27.jpg]
[p.w3layouts.com/demos_new/30-01-2017/electronic_store-demo_Free/192355906/web/images/28.jpg]
[p.w3layouts.com/demos_new/30-01-2017/electronic_store-demo_Free/192355906/web/images/29.jpg]
[p.w3layouts.com/demos_new/30-01-2017/electronic_store-demo_Free/192355906/web/images/30.jpg]
[p.w3layouts.com/demos_new/30-01-2017/electronic_store-demo_Free/192355906/web/images/31.jpg]
[p.w3layouts.com/demos_new/30-01-2017/electronic_store-demo_Free/192355906/web/images/34.jpg]
[p.w3layouts.com/demos_new/30-01-2017/electronic_store-demo_Free/192355906/web/images/33.jpg]
[p.w3layouts.com/demos_new/30-01-2017/electronic_store-demo_Free/192355906/web/images/32.jpg]
[p.w3layouts.com/demos_new/30-01-2017/electronic_store-demo_Free/192355906/web/images/35.jpg]
[p.w3layouts.com/demos_new/30-01-2017/electronic_store-demo_Free/192355906/web/images/38.jpg]
[p.w3layouts.com/demos_new/30-01-2017/electronic_store-demo_Free/192355906/web/images/39.jpg]
[p.w3layouts.com/demos_new/30-01-2017/electronic_store-demo_Free/192355906/web/images/40.jpg]
[p.w3layouts.com/demos_new/30-01-2017/electronic_store-demo_Free/192355906/web/images/41.jpg]
[p.w3layouts.com/demos_new/30-01-2017/electronic_store-demo_Free/192355906/web/images/tb1.jpg]
[p.w3layouts.com/demos_new/30-01-2017/electronic_store-demo_Free/192355906/web/images/tb2.jpg]
[p.w3layouts.com/demos_new/30-01-2017/electronic_store-demo_Free/192355906/web/images/tb3.jpg]
[p.w3layouts.com/demos_new/30-01-2017/electronic_store-demo_Free/192355906/web/images/tb4.jpg]
[p.w3layouts.com/demos_new/30-01-2017/electronic_store-demo_Free/192355906/web/images/tb5.jpg]
[p.w3layouts.com/demos_new/30-01-2017/electronic_store-demo_Free/192355906/web/js/jquery.flexisel.js]
[p.w3layouts.com/demos_new/30-01-2017/electronic_store-demo_Free/192355906/web/faq.html]
[p.w3layouts.com/demos_new/30-01-2017/electronic_store-demo_Free/192355906/web/images/arrow.png]
[p.w3layouts.com/cdn-cgi/scripts/5c5dd728/cloudflare-static/email-decode.min.js]
[p.w3layouts.com/demos_new/30-01-2017/electronic_store-demo_Free/192355906/web/js/minicart.js]
[p.w3layouts.com/demos_new/30-01-2017/electronic_store-demo_Free/192355906/web/index.html]
[p.w3layouts.com/cdn-cgi/challenge-platform/h/g/scripts/jsd/ec4b873d446c/maind41d.js]
[p.w3layouts.com/demos_new/30-01-2017/electronic_store-demo_Free/192355906/web/fonts/glyphicons-halflings-regular.eot]
[p.w3layouts.com/demos_new/30-01-2017/electronic_store-demo_Free/192355906/web/fonts/glyphicons-halflings-regulard41d.eot]
[p.w3layouts.com/demos_new/30-01-2017/electronic_store-demo_Free/192355906/web/fonts/glyphicons-halflings-regular.woff2]
[p.w3layouts.com/demos_new/30-01-2017/electronic_store-demo_Free/192355906/web/fonts/glyphicons-halflings-regular.woff]
[p.w3layouts.com/demos_new/30-01-2017/electronic_store-demo_Free/192355906/web/fonts/glyphicons-halflings-regular.ttf]
[p.w3layouts.com/demos_new/30-01-2017/electronic_store-demo_Free/192355906/web/fonts/glyphicons-halflings-regular.svg]
[p.w3layouts.com/demos_new/30-01-2017/electronic_store-demo_Free/192355906/web/css/bootstrap.css]
[p.w3layouts.com/demos_new/30-01-2017/electronic_store-demo_Free/192355906/web/images/b1.jpg]
[p.w3layouts.com/demos_new/30-01-2017/electronic_store-demo_Free/192355906/web/images/bg1.jpg]
[p.w3layouts.com/demos_new/30-01-2017/electronic_store-demo_Free/192355906/web/images/bg2.jpg]
[p.w3layouts.com/demos_new/30-01-2017/electronic_store-demo_Free/192355906/web/images/bg3.jpg]
[p.w3layouts.com/demos_new/30-01-2017/electronic_store-demo_Free/192355906/web/images/2.jpg]
[p.w3layouts.com/demos_new/30-01-2017/electronic_store-demo_Free/192355906/web/images/44.jpg]
[p.w3layouts.com/demos_new/30-01-2017/electronic_store-demo_Free/192355906/web/images/img-sp.png]
[p.w3layouts.com/demos_new/30-01-2017/electronic_store-demo_Free/192355906/web/images/45.jpg]
[p.w3layouts.com/demos_new/30-01-2017/electronic_store-demo_Free/192355906/web/images/left-arrow.png]
[p.w3layouts.com/demos_new/30-01-2017/electronic_store-demo_Free/192355906/web/images/right-arrow.png]
[p.w3layouts.com/demos_new/30-01-2017/electronic_store-demo_Free/192355906/web/images/check.png]
[p.w3layouts.com/demos_new/30-01-2017/electronic_store-demo_Free/192355906/web/images/close.png]
[p.w3layouts.com/demos_new/30-01-2017/electronic_store-demo_Free/192355906/web/css/style.css]
[p.w3layouts.com/demos_new/30-01-2017/electronic_store-demo_Free/192355906/web/css/fasthover.css]
[p.w3layouts.com/demos_new/30-01-2017/electronic_store-demo_Free/192355906/web/css/popuo-box.css]
[p.w3layouts.com/demos_new/30-01-2017/electronic_store-demo_Free/192355906/web/fonts/fontawesome-webfont5b62.eot]
[p.w3layouts.com/demos_new/30-01-2017/electronic_store-demo_Free/192355906/web/fonts/fontawesome-webfontd41d.eot]
[p.w3layouts.com/demos_new/30-01-2017/electronic_store-demo_Free/192355906/web/fonts/fontawesome-webfont5b62.woff2]
[p.w3layouts.com/demos_new/30-01-2017/electronic_store-demo_Free/192355906/web/fonts/fontawesome-webfont5b62.woff]
[p.w3layouts.com/demos_new/30-01-2017/electronic_store-demo_Free/192355906/web/fonts/fontawesome-webfont5b62.ttf]
[p.w3layouts.com/demos_new/30-01-2017/electronic_store-demo_Free/192355906/web/css/font-awesome.css]
[p.w3layouts.com/demos_new/30-01-2017/electronic_store-demo_Free/192355906/web/css/jquery.countdown.css]
[p.w3layouts.com/assests/css/font-awesome.min.css]
[p.w3layouts.com/demos_new/30-01-2017/electronic_store-demo_Free/192355906/web/fonts/fontawesome-webfont5b62.svg]
[p.w3layouts.com/demos_new/30-01-2017/electronic_store-demo_Free/192355906/web/images/46.jpg]
[p.w3layouts.com/demos_new/30-01-2017/electronic_store-demo_Free/192355906/web/images/47.jpg]
[p.w3layouts.com/demos_new/30-01-2017/electronic_store-demo_Free/192355906/web/images/p1.jpg]
[p.w3layouts.com/demos_new/30-01-2017/electronic_store-demo_Free/192355906/web/images/p2.jpg]
[p.w3layouts.com/demos_new/30-01-2017/electronic_store-demo_Free/192355906/web/images/p3.jpg]
[p.w3layouts.com/demos_new/30-01-2017/electronic_store-demo_Free/192355906/web/images/p4.jpg]
[p.w3layouts.com/demos_new/30-01-2017/electronic_store-demo_Free/192355906/web/images/p5.jpg]
[p.w3layouts.com/demos_new/30-01-2017/electronic_store-demo_Free/192355906/web/images/p6.jpg]
[p.w3layouts.com/demos_new/30-01-2017/electronic_store-demo_Free/192355906/web/products.html]
[p.w3layouts.com/demos_new/30-01-2017/electronic_store-demo_Free/192355906/web/images/48.jpg]
[p.w3layouts.com/demos_new/30-01-2017/electronic_store-demo_Free/192355906/web/images/49.jpg]
[p.w3layouts.com/demos_new/30-01-2017/electronic_store-demo_Free/192355906/web/images/p8.jpg]
[p.w3layouts.com/demos_new/30-01-2017/electronic_store-demo_Free/192355906/web/images/p9.jpg]
[p.w3layouts.com/demos_new/30-01-2017/electronic_store-demo_Free/192355906/web/images/p10.jpg]
[p.w3layouts.com/demos_new/30-01-2017/electronic_store-demo_Free/192355906/web/images/p7.jpg]
[p.w3layouts.com/demos_new/30-01-2017/electronic_store-demo_Free/192355906/web/images/p11.jpg]
[p.w3layouts.com/demos_new/30-01-2017/electronic_store-demo_Free/192355906/web/products1.html]
[p.w3layouts.com/demos_new/30-01-2017/electronic_store-demo_Free/192355906/web/images/50.jpg]
[p.w3layouts.com/demos_new/30-01-2017/electronic_store-demo_Free/192355906/web/images/51.jpg]
[p.w3layouts.com/demos_new/30-01-2017/electronic_store-demo_Free/192355906/web/images/p12.jpg]
[p.w3layouts.com/demos_new/30-01-2017/electronic_store-demo_Free/192355906/web/images/p13.jpg]
[p.w3layouts.com/demos_new/30-01-2017/electronic_store-demo_Free/192355906/web/products2.html]
[p.w3layouts.com/demos_new/30-01-2017/electronic_store-demo_Free/192355906/web/images/52.jpg]
[p.w3layouts.com/demos_new/30-01-2017/electronic_store-demo_Free/192355906/web/images/t4.png]
[p.w3layouts.com/demos_new/30-01-2017/electronic_store-demo_Free/192355906/web/images/t5.png]
[p.w3layouts.com/demos_new/30-01-2017/electronic_store-demo_Free/192355906/web/images/t6.png]
[p.w3layouts.com/demos_new/30-01-2017/electronic_store-demo_Free/192355906/web/images/t7.png]
[p.w3layouts.com/demos_new/30-01-2017/electronic_store-demo_Free/192355906/web/about.html]
[p.w3layouts.com/demos_new/30-01-2017/electronic_store-demo_Free/192355906/web/icons.html]
[p.w3layouts.com/demos_new/30-01-2017/electronic_store-demo_Free/192355906/web/codes.html]
[p.w3layouts.com/demos_new/30-01-2017/electronic_store-demo_Free/192355906/web/mail.html]
[p.w3layouts.com/demos_new/30-01-2017/electronic_store-demo_Free/192355906/web/images/a.jpg]
[p.w3layouts.com/demos_new/30-01-2017/electronic_store-demo_Free/192355906/web/images/b.jpg]
[p.w3layouts.com/demos_new/30-01-2017/electronic_store-demo_Free/192355906/web/images/c.jpg]
[p.w3layouts.com/demos_new/30-01-2017/electronic_store-demo_Free/192355906/web/js/jquery.flexslider.js]
[p.w3layouts.com/demos_new/30-01-2017/electronic_store-demo_Free/192355906/web/css/flexslider.css]
[p.w3layouts.com/demos_new/30-01-2017/electronic_store-demo_Free/192355906/web/single.html]
[p.w3layouts.com/demos_new/30-01-2017/electronic_store-demo_Free/192355906/web/faq.html]
[p.w3layouts.com/demos_new/30-01-2017/electronic_store-demo_Free/192355906/web/fonts/glyphicons-halflings-regular.html]
[p.w3layouts.com/demos_new/30-01-2017/electronic_store-demo_Free/192355906/web/fonts/glyphicons-halflings-regulard41d.html]
[p.w3layouts.com/demos_new/30-01-2017/electronic_store-demo_Free/192355906/web/fonts/glyphicons-halflings-regular-2.html]
[p.w3layouts.com/demos_new/30-01-2017/electronic_store-demo_Free/192355906/web/fonts/glyphicons-halflings-regular-3.html]
[p.w3layouts.com/demos_new/30-01-2017/electronic_store-demo_Free/192355906/web/fonts/fontawesome-webfont5b62.svg]
[p.w3layouts.com/demos_new/30-01-2017/electronic_store-demo_Free/192355906/web/images/p7.html]
[p.w3layouts.com/demos_new/30-01-2017/electronic_store-demo_Free/192355906/web/js/imagezoom.js]
[p.w3layouts.com/demos_new/30-01-2017/electronic_store-demo_Free/192355906/web/fonts/webfont/flexslider-icon.eot]
[p.w3layouts.com/demos_new/30-01-2017/electronic_store-demo_Free/192355906/web/fonts/webfonts/flexslider-icond41d.eot]
[p.w3layouts.com/demos_new/30-01-2017/electronic_store-demo_Free/192355906/web/fonts/webfonts/flexslider-icon.woff]
[p.w3layouts.com/demos_new/30-01-2017/electronic_store-demo_Free/192355906/web/fonts/webfonts/flexslider-icon.ttf]
[p.w3layouts.com/demos_new/30-01-2017/electronic_store-demo_Free/192355906/web/fonts/webfonts/flexslider-icon.svg]
[p.w3layouts.com/demos_new/30-01-2017/electronic_store-demo_Free/192355906/web/css/flexslider.css]
[p.w3layouts.com/demos_new/30-01-2017/electronic_store-demo_Free/192355906/web/fonts/webfont/flexslider-icon.html]
[p.w3layouts.com/demos_new/30-01-2017/electronic_store-demo_Free/192355906/web/fonts/webfonts/flexslider-icond41d.html]
[p.w3layouts.com/demos_new/30-01-2017/electronic_store-demo_Free/192355906/web/fonts/webfonts/flexslider-icon.html]
[p.w3layouts.com/demos_new/30-01-2017/electronic_store-demo_Free/192355906/web/fonts/webfonts/flexslider-icon-2.html]
[p.w3layouts.com/demos_new/30-01-2017/electronic_store-demo_Free/192355906/web/fonts/webfonts/flexslider-icon-3.html]
